#
# There is insufficient memory for the Java Runtime Environment to continue.
# Native memory allocation (malloc) failed to allocate 716177408 bytes for committing reserved memory.
# Possible reasons:
#   The system is out of physical RAM or swap space
#   In 32 bit mode, the process size limit was hit
# Possible solutions:
#   Reduce memory load on the system
#   Increase physical memory or swap space
#   Check if swap backing store is full
#   Use 64 bit Java on a 64 bit OS
#   Decrease Java heap size (-Xmx/-Xms)
#   Decrease number of Java threads
#   Decrease Java thread stack sizes (-Xss)
#   Set larger code cache with -XX:ReservedCodeCacheSize=
# This output file may be truncated or incomplete.
#
#  Out of Memory Error (os_linux.cpp:2798), pid=4100, tid=140277788849920
#
# JRE version:  (7.0_75-b13) (build )
# Java VM: OpenJDK 64-Bit Server VM (24.75-b04 mixed mode linux-amd64 compressed oops)
# Derivative: IcedTea 2.5.4
# Distribution: Ubuntu 14.04 LTS, package 7u75-2.5.4-1~trusty1
# Failed to write core dump. Core dumps have been disabled. To enable core dumping, try "ulimit -c unlimited" before starting Java again
#

---------------  T H R E A D  ---------------

Current thread (0x00007f94f000a000):  JavaThread "Unknown thread" [_thread_in_vm, id=4145, stack(0x00007f94f7b63000,0x00007f94f7c64000)]

Stack: [0x00007f94f7b63000,0x00007f94f7c64000],  sp=0x00007f94f7c62500,  free space=1021k
Native frames: (J=compiled Java code, j=interpreted, Vv=VM code, C=native code)
V  [libjvm.so+0x94a9d5]  VMError::report_and_die()+0x175
V  [libjvm.so+0x48b954]  report_vm_out_of_memory(char const*, int, unsigned long, char const*)+0x74
V  [libjvm.so+0x7c7b7b]  os::pd_commit_memory(char*, unsigned long, unsigned long, bool)+0xeb
V  [libjvm.so+0x7c263f]  os::commit_memory(char*, unsigned long, unsigned long, bool)+0x1f
V  [libjvm.so+0x834b1b]  PSVirtualSpace::expand_by(unsigned long)+0x5b
V  [libjvm.so+0x824f8e]  PSOldGen::initialize(ReservedSpace, unsigned long, char const*, int)+0xce
V  [libjvm.so+0x2a57ff]  AdjoiningGenerations::AdjoiningGenerations(ReservedSpace, unsigned long, unsigned long, unsigned long, unsigned long, unsigned long, unsigned long, unsigned long)+0x3af
V  [libjvm.so+0x7e8070]  ParallelScavengeHeap::initialize()+0x5b0
V  [libjvm.so+0x91b447]  Universe::initialize_heap()+0xc7
V  [libjvm.so+0x91b777]  universe_init()+0x67
V  [libjvm.so+0x59d1d5]  init_globals()+0x55
V  [libjvm.so+0x8fe15f]  Threads::create_vm(JavaVMInitArgs*, bool*)+0x35f
V  [libjvm.so+0x608554]  JNI_CreateJavaVM+0x54
C  [libjli.so+0x2b48]


---------------  P R O C E S S  ---------------

Java Threads: ( => current thread )

Other Threads:

=>0x00007f94f000a000 (exited) JavaThread "Unknown thread" [_thread_in_vm, id=4145, stack(0x00007f94f7b63000,0x00007f94f7c64000)]

VM state:not at safepoint (not fully initialized)

VM Mutex/Monitor currently owned by a thread: None

GC Heap History (0 events):
No events

Deoptimization events (0 events):
No events

Internal exceptions (0 events):
No events

Events (0 events):
No events


Dynamic libraries:
00400000-00401000 r-xp 00000000 08:06 396529                             /usr/lib/jvm/java-7-openjdk-amd64/jre/bin/java
00600000-00601000 r--p 00000000 08:06 396529                             /usr/lib/jvm/java-7-openjdk-amd64/jre/bin/java
00601000-00602000 rw-p 00001000 08:06 396529                             /usr/lib/jvm/java-7-openjdk-amd64/jre/bin/java
00c43000-00c64000 rw-p 00000000 00:00 0                                  [heap]
aff80000-bff80000 rw-p 00000000 00:00 0 
eaa80000-100000000 rw-p 00000000 00:00 0 
7f94ed000000-7f94ed270000 rwxp 00000000 00:00 0 
7f94ed270000-7f94f0023000 rw-p 00000000 00:00 0 
7f94f0023000-7f94f4000000 ---p 00000000 00:00 0 
7f94f42f2000-7f94f452c000 rw-p 00000000 00:00 0 
7f94f452c000-7f94f4701000 rw-p 00000000 00:00 0 
7f94f4701000-7f94f47ad000 rw-p 00000000 00:00 0 
7f94f47ad000-7f94f47b5000 r-xp 00000000 08:06 396478                     /usr/lib/jvm/java-7-openjdk-amd64/jre/lib/amd64/libzip.so
7f94f47b5000-7f94f49b4000 ---p 00008000 08:06 396478                     /usr/lib/jvm/java-7-openjdk-amd64/jre/lib/amd64/libzip.so
7f94f49b4000-7f94f49b5000 r--p 00007000 08:06 396478                     /usr/lib/jvm/java-7-openjdk-amd64/jre/lib/amd64/libzip.so
7f94f49b5000-7f94f49b6000 rw-p 00008000 08:06 396478                     /usr/lib/jvm/java-7-openjdk-amd64/jre/lib/amd64/libzip.so
7f94f49b6000-7f94f49c1000 r-xp 00000000 08:06 788578                     /lib/x86_64-linux-gnu/libnss_files-2.19.so
7f94f49c1000-7f94f4bc0000 ---p 0000b000 08:06 788578                     /lib/x86_64-linux-gnu/libnss_files-2.19.so
7f94f4bc0000-7f94f4bc1000 r--p 0000a000 08:06 788578                     /lib/x86_64-linux-gnu/libnss_files-2.19.so
7f94f4bc1000-7f94f4bc2000 rw-p 0000b000 08:06 788578                     /lib/x86_64-linux-gnu/libnss_files-2.19.so
7f94f4bc2000-7f94f4bcd000 r-xp 00000000 08:06 788616                     /lib/x86_64-linux-gnu/libnss_nis-2.19.so
7f94f4bcd000-7f94f4dcc000 ---p 0000b000 08:06 788616                     /lib/x86_64-linux-gnu/libnss_nis-2.19.so
7f94f4dcc000-7f94f4dcd000 r--p 0000a000 08:06 788616                     /lib/x86_64-linux-gnu/libnss_nis-2.19.so
7f94f4dcd000-7f94f4dce000 rw-p 0000b000 08:06 788616                     /lib/x86_64-linux-gnu/libnss_nis-2.19.so
7f94f4dce000-7f94f4de5000 r-xp 00000000 08:06 788596                     /lib/x86_64-linux-gnu/libnsl-2.19.so
7f94f4de5000-7f94f4fe4000 ---p 00017000 08:06 788596                     /lib/x86_64-linux-gnu/libnsl-2.19.so
7f94f4fe4000-7f94f4fe5000 r--p 00016000 08:06 788596                     /lib/x86_64-linux-gnu/libnsl-2.19.so
7f94f4fe5000-7f94f4fe6000 rw-p 00017000 08:06 788596                     /lib/x86_64-linux-gnu/libnsl-2.19.so
7f94f4fe6000-7f94f4fe8000 rw-p 00000000 00:00 0 
7f94f4fe8000-7f94f4ff1000 r-xp 00000000 08:06 788594                     /lib/x86_64-linux-gnu/libnss_compat-2.19.so
7f94f4ff1000-7f94f51f0000 ---p 00009000 08:06 788594                     /lib/x86_64-linux-gnu/libnss_compat-2.19.so
7f94f51f0000-7f94f51f1000 r--p 00008000 08:06 788594                     /lib/x86_64-linux-gnu/libnss_compat-2.19.so
7f94f51f1000-7f94f51f2000 rw-p 00009000 08:06 788594                     /lib/x86_64-linux-gnu/libnss_compat-2.19.so
7f94f51f2000-7f94f521d000 r-xp 00000000 08:06 396177                     /usr/lib/jvm/java-7-openjdk-amd64/jre/lib/amd64/libjava.so
7f94f521d000-7f94f541d000 ---p 0002b000 08:06 396177                     /usr/lib/jvm/java-7-openjdk-amd64/jre/lib/amd64/libjava.so
7f94f541d000-7f94f541e000 r--p 0002b000 08:06 396177                     /usr/lib/jvm/java-7-openjdk-amd64/jre/lib/amd64/libjava.so
7f94f541e000-7f94f5420000 rw-p 0002c000 08:06 396177                     /usr/lib/jvm/java-7-openjdk-amd64/jre/lib/amd64/libjava.so
7f94f5420000-7f94f5430000 r-xp 00000000 08:06 396143                     /usr/lib/jvm/java-7-openjdk-amd64/jre/lib/amd64/libverify.so
7f94f5430000-7f94f562f000 ---p 00010000 08:06 396143                     /usr/lib/jvm/java-7-openjdk-amd64/jre/lib/amd64/libverify.so
7f94f562f000-7f94f5631000 r--p 0000f000 08:06 396143                     /usr/lib/jvm/java-7-openjdk-amd64/jre/lib/amd64/libverify.so
7f94f5631000-7f94f5632000 rw-p 00011000 08:06 396143                     /usr/lib/jvm/java-7-openjdk-amd64/jre/lib/amd64/libverify.so
7f94f5632000-7f94f5639000 r-xp 00000000 08:06 788612                     /lib/x86_64-linux-gnu/librt-2.19.so
7f94f5639000-7f94f5838000 ---p 00007000 08:06 788612                     /lib/x86_64-linux-gnu/librt-2.19.so
7f94f5838000-7f94f5839000 r--p 00006000 08:06 788612                     /lib/x86_64-linux-gnu/librt-2.19.so
7f94f5839000-7f94f583a000 rw-p 00007000 08:06 788612                     /lib/x86_64-linux-gnu/librt-2.19.so
7f94f583a000-7f94f5850000 r-xp 00000000 08:06 795563                     /lib/x86_64-linux-gnu/libgcc_s.so.1
7f94f5850000-7f94f5a4f000 ---p 00016000 08:06 795563                     /lib/x86_64-linux-gnu/libgcc_s.so.1
7f94f5a4f000-7f94f5a50000 rw-p 00015000 08:06 795563                     /lib/x86_64-linux-gnu/libgcc_s.so.1
7f94f5a50000-7f94f5b55000 r-xp 00000000 08:06 788576                     /lib/x86_64-linux-gnu/libm-2.19.so
7f94f5b55000-7f94f5d54000 ---p 00105000 08:06 788576                     /lib/x86_64-linux-gnu/libm-2.19.so
7f94f5d54000-7f94f5d55000 r--p 00104000 08:06 788576                     /lib/x86_64-linux-gnu/libm-2.19.so
7f94f5d55000-7f94f5d56000 rw-p 00105000 08:06 788576                     /lib/x86_64-linux-gnu/libm-2.19.so
7f94f5d56000-7f94f5e3c000 r-xp 00000000 08:06 1717167                    /usr/lib/x86_64-linux-gnu/libstdc++.so.6.0.19
7f94f5e3c000-7f94f603b000 ---p 000e6000 08:06 1717167                    /usr/lib/x86_64-linux-gnu/libstdc++.so.6.0.19
7f94f603b000-7f94f6043000 r--p 000e5000 08:06 1717167                    /usr/lib/x86_64-linux-gnu/libstdc++.so.6.0.19
7f94f6043000-7f94f6045000 rw-p 000ed000 08:06 1717167                    /usr/lib/x86_64-linux-gnu/libstdc++.so.6.0.19
7f94f6045000-7f94f605a000 rw-p 00000000 00:00 0 
7f94f605a000-7f94f6b72000 r-xp 00000000 08:06 396303                     /usr/lib/jvm/java-7-openjdk-amd64/jre/lib/amd64/server/libjvm.so
7f94f6b72000-7f94f6d72000 ---p 00b18000 08:06 396303                     /usr/lib/jvm/java-7-openjdk-amd64/jre/lib/amd64/server/libjvm.so
7f94f6d72000-7f94f6e0c000 r--p 00b18000 08:06 396303                     /usr/lib/jvm/java-7-openjdk-amd64/jre/lib/amd64/server/libjvm.so
7f94f6e0c000-7f94f6e2f000 rw-p 00bb2000 08:06 396303                     /usr/lib/jvm/java-7-openjdk-amd64/jre/lib/amd64/server/libjvm.so
7f94f6e2f000-7f94f6e5d000 rw-p 00000000 00:00 0 
7f94f6e5d000-7f94f6e75000 r-xp 00000000 08:06 793866                     /lib/x86_64-linux-gnu/libz.so.1.2.8
7f94f6e75000-7f94f7074000 ---p 00018000 08:06 793866                     /lib/x86_64-linux-gnu/libz.so.1.2.8
7f94f7074000-7f94f7075000 r--p 00017000 08:06 793866                     /lib/x86_64-linux-gnu/libz.so.1.2.8
7f94f7075000-7f94f7076000 rw-p 00018000 08:06 793866                     /lib/x86_64-linux-gnu/libz.so.1.2.8
7f94f7076000-7f94f708f000 r-xp 00000000 08:06 788608                     /lib/x86_64-linux-gnu/libpthread-2.19.so
7f94f708f000-7f94f728e000 ---p 00019000 08:06 788608                     /lib/x86_64-linux-gnu/libpthread-2.19.so
7f94f728e000-7f94f728f000 r--p 00018000 08:06 788608                     /lib/x86_64-linux-gnu/libpthread-2.19.so
7f94f728f000-7f94f7290000 rw-p 00019000 08:06 788608                     /lib/x86_64-linux-gnu/libpthread-2.19.so
7f94f7290000-7f94f7294000 rw-p 00000000 00:00 0 
7f94f7294000-7f94f7297000 r-xp 00000000 08:06 788584                     /lib/x86_64-linux-gnu/libdl-2.19.so
7f94f7297000-7f94f7496000 ---p 00003000 08:06 788584                     /lib/x86_64-linux-gnu/libdl-2.19.so
7f94f7496000-7f94f7497000 r--p 00002000 08:06 788584                     /lib/x86_64-linux-gnu/libdl-2.19.so
7f94f7497000-7f94f7498000 rw-p 00003000 08:06 788584                     /lib/x86_64-linux-gnu/libdl-2.19.so
7f94f7498000-7f94f7653000 r-xp 00000000 08:06 788606                     /lib/x86_64-linux-gnu/libc-2.19.so
7f94f7653000-7f94f7852000 ---p 001bb000 08:06 788606                     /lib/x86_64-linux-gnu/libc-2.19.so
7f94f7852000-7f94f7856000 r--p 001ba000 08:06 788606                     /lib/x86_64-linux-gnu/libc-2.19.so
7f94f7856000-7f94f7858000 rw-p 001be000 08:06 788606                     /lib/x86_64-linux-gnu/libc-2.19.so
7f94f7858000-7f94f785d000 rw-p 00000000 00:00 0 
7f94f785d000-7f94f786a000 r-xp 00000000 08:06 395578                     /usr/lib/jvm/java-7-openjdk-amd64/jre/lib/amd64/jli/libjli.so
7f94f786a000-7f94f7a69000 ---p 0000d000 08:06 395578                     /usr/lib/jvm/java-7-openjdk-amd64/jre/lib/amd64/jli/libjli.so
7f94f7a69000-7f94f7a6a000 r--p 0000c000 08:06 395578                     /usr/lib/jvm/java-7-openjdk-amd64/jre/lib/amd64/jli/libjli.so
7f94f7a6a000-7f94f7a6b000 rw-p 0000d000 08:06 395578                     /usr/lib/jvm/java-7-openjdk-amd64/jre/lib/amd64/jli/libjli.so
7f94f7a6b000-7f94f7a8e000 r-xp 00000000 08:06 788600                     /lib/x86_64-linux-gnu/ld-2.19.so
7f94f7aa3000-7f94f7aad000 rw-p 00000000 00:00 0 
7f94f7aad000-7f94f7b63000 rw-p 00000000 00:00 0 
7f94f7b63000-7f94f7b66000 ---p 00000000 00:00 0 
7f94f7b66000-7f94f7c69000 rw-p 00000000 00:00 0                          [stack:4145]
7f94f7c7f000-7f94f7c81000 rw-p 00000000 00:00 0 
7f94f7c81000-7f94f7c89000 rw-s 00000000 08:06 1046541                    /tmp/hsperfdata_leulz/4100
7f94f7c89000-7f94f7c8a000 rw-p 00000000 00:00 0 
7f94f7c8a000-7f94f7c8b000 r--p 00000000 00:00 0 
7f94f7c8b000-7f94f7c8d000 rw-p 00000000 00:00 0 
7f94f7c8d000-7f94f7c8e000 r--p 00022000 08:06 788600                     /lib/x86_64-linux-gnu/ld-2.19.so
7f94f7c8e000-7f94f7c8f000 rw-p 00023000 08:06 788600                     /lib/x86_64-linux-gnu/ld-2.19.so
7f94f7c8f000-7f94f7c90000 rw-p 00000000 00:00 0 
7fff91840000-7fff91861000 rw-p 00000000 00:00 0                          [stack]
7fff919bf000-7fff919c1000 r-xp 00000000 00:00 0                          [vdso]
ffffffffff600000-ffffffffff601000 r-xp 00000000 00:00 0                  [vsyscall]

VM Arguments:
jvm_args: -Dactivator.home=/home/leulz/play-spring-data-jpa/metas-spring -Xms1024m -Xmx1024m -XX:PermSize=64m -XX:MaxPermSize=256m 
java_command: /home/leulz/play-spring-data-jpa/metas-spring/activator-launch-1.3.2.jar clean compile run
Launcher Type: SUN_STANDARD

Environment Variables:
PATH=/usr/local/heroku/bin:/home/leulz/bin:/usr/local/sbin:/usr/local/bin:/usr/sbin:/usr/bin:/sbin:/bin:/usr/games:/usr/local/games:/usr/bin/scripts:/home/leulz/bin:/home/leulz/Downloads/activator-1.2.10/
SHELL=/bin/bash
DISPLAY=:0

Signal Handlers:
SIGSEGV: [libjvm.so+0x94b4b0], sa_mask[0]=0x7ffbfeff, sa_flags=0x10000004
SIGBUS: [libjvm.so+0x94b4b0], sa_mask[0]=0x7ffbfeff, sa_flags=0x10000004
SIGFPE: [libjvm.so+0x7c3390], sa_mask[0]=0x7ffbfeff, sa_flags=0x10000004
SIGPIPE: [libjvm.so+0x7c3390], sa_mask[0]=0x7ffbfeff, sa_flags=0x10000004
SIGXFSZ: [libjvm.so+0x7c3390], sa_mask[0]=0x7ffbfeff, sa_flags=0x10000004
SIGILL: [libjvm.so+0x7c3390], sa_mask[0]=0x7ffbfeff, sa_flags=0x10000004
SIGUSR1: SIG_DFL, sa_mask[0]=0x00000000, sa_flags=0x00000000
SIGUSR2: [libjvm.so+0x7c3230], sa_mask[0]=0x00000000, sa_flags=0x10000004
SIGHUP: SIG_DFL, sa_mask[0]=0x00000000, sa_flags=0x00000000
SIGINT: SIG_DFL, sa_mask[0]=0x00000000, sa_flags=0x00000000
SIGTERM: SIG_DFL, sa_mask[0]=0x00000000, sa_flags=0x00000000
SIGQUIT: SIG_DFL, sa_mask[0]=0x00000000, sa_flags=0x00000000
SIGTRAP: SIG_DFL, sa_mask[0]=0x00000000, sa_flags=0x00000000


---------------  S Y S T E M  ---------------

OS:Ubuntu 14.04 (trusty)
uname:Linux 3.13.0-39-generic #66-Ubuntu SMP Tue Oct 28 13:30:27 UTC 2014 x86_64
libc:glibc 2.19 NPTL 2.19 
rlimit: STACK 8192k, CORE 0k, NPROC 30328, NOFILE 4096, AS infinity
load average:0.86 0.61 0.75

/proc/meminfo:
MemTotal:        3903608 kB
MemFree:          148020 kB
Buffers:           20360 kB
Cached:           802912 kB
SwapCached:          280 kB
Active:          2422804 kB
Inactive:        1119392 kB
Active(anon):    2201900 kB
Inactive(anon):   866260 kB
Active(file):     220904 kB
Inactive(file):   253132 kB
Unevictable:          48 kB
Mlocked:              48 kB
SwapTotal:        131068 kB
SwapFree:         124668 kB
Dirty:              3260 kB
Writeback:             0 kB
AnonPages:       2718896 kB
Mapped:           279848 kB
Shmem:            348824 kB
Slab:              89776 kB
SReclaimable:      52272 kB
SUnreclaim:        37504 kB
KernelStack:        5144 kB
PageTables:        48264 kB
NFS_Unstable:          0 kB
Bounce:                0 kB
WritebackTmp:          0 kB
CommitLimit:     2082872 kB
Committed_AS:    7905772 kB
VmallocTotal:   34359738367 kB
VmallocUsed:      404384 kB
VmallocChunk:   34359324664 kB
HardwareCorrupted:     0 kB
AnonHugePages:    927744 kB
HugePages_Total:       0
HugePages_Free:        0
HugePages_Rsvd:        0
HugePages_Surp:        0
Hugepagesize:       2048 kB
DirectMap4k:       71056 kB
DirectMap2M:     3979264 kB


CPU:total 4 (2 cores per cpu, 2 threads per core) family 6 model 58 stepping 9, cmov, cx8, fxsr, mmx, sse, sse2, sse3, ssse3, sse4.1, sse4.2, popcnt, avx, aes, erms, ht, tsc, tscinvbit, tscinv

/proc/cpuinfo:
processor	: 0
vendor_id	: GenuineIntel
cpu family	: 6
model		: 58
model name	: Intel(R) Core(TM) i5-3210M CPU @ 2.50GHz
stepping	: 9
microcode	: 0x15
cpu MHz		: 1200.000
cache size	: 3072 KB
physical id	: 0
siblings	: 4
core id		: 0
cpu cores	: 2
apicid		: 0
initial apicid	: 0
fpu		: yes
fpu_exception	: yes
cpuid level	: 13
wp		: yes
flags		: fpu vme de pse tsc msr pae mce cx8 apic sep mtrr pge mca cmov pat pse36 clflush dts acpi mmx fxsr sse sse2 ss ht tm pbe syscall nx rdtscp lm constant_tsc arch_perfmon pebs bts rep_good nopl xtopology nonstop_tsc aperfmperf eagerfpu pni pclmulqdq dtes64 monitor ds_cpl vmx est tm2 ssse3 cx16 xtpr pdcm pcid sse4_1 sse4_2 x2apic popcnt tsc_deadline_timer aes xsave avx f16c rdrand lahf_lm ida arat epb xsaveopt pln pts dtherm tpr_shadow vnmi flexpriority ept vpid fsgsbase smep erms
bogomips	: 4989.04
clflush size	: 64
cache_alignment	: 64
address sizes	: 36 bits physical, 48 bits virtual
power management:

processor	: 1
vendor_id	: GenuineIntel
cpu family	: 6
model		: 58
model name	: Intel(R) Core(TM) i5-3210M CPU @ 2.50GHz
stepping	: 9
microcode	: 0x15
cpu MHz		: 2200.000
cache size	: 3072 KB
physical id	: 0
siblings	: 4
core id		: 0
cpu cores	: 2
apicid		: 1
initial apicid	: 1
fpu		: yes
fpu_exception	: yes
cpuid level	: 13
wp		: yes
flags		: fpu vme de pse tsc msr pae mce cx8 apic sep mtrr pge mca cmov pat pse36 clflush dts acpi mmx fxsr sse sse2 ss ht tm pbe syscall nx rdtscp lm constant_tsc arch_perfmon pebs bts rep_good nopl xtopology nonstop_tsc aperfmperf eagerfpu pni pclmulqdq dtes64 monitor ds_cpl vmx est tm2 ssse3 cx16 xtpr pdcm pcid sse4_1 sse4_2 x2apic popcnt tsc_deadline_timer aes xsave avx f16c rdrand lahf_lm ida arat epb xsaveopt pln pts dtherm tpr_shadow vnmi flexpriority ept vpid fsgsbase smep erms
bogomips	: 4989.04
clflush size	: 64
cache_alignment	: 64
address sizes	: 36 bits physical, 48 bits virtual
power management:

processor	: 2
vendor_id	: GenuineIntel
cpu family	: 6
model		: 58
model name	: Intel(R) Core(TM) i5-3210M CPU @ 2.50GHz
stepping	: 9
microcode	: 0x15
cpu MHz		: 1200.000
cache size	: 3072 KB
physical id	: 0
siblings	: 4
core id		: 1
cpu cores	: 2
apicid		: 2
initial apicid	: 2
fpu		: yes
fpu_exception	: yes
cpuid level	: 13
wp		: yes
flags		: fpu vme de pse tsc msr pae mce cx8 apic sep mtrr pge mca cmov pat pse36 clflush dts acpi mmx fxsr sse sse2 ss ht tm pbe syscall nx rdtscp lm constant_tsc arch_perfmon pebs bts rep_good nopl xtopology nonstop_tsc aperfmperf eagerfpu pni pclmulqdq dtes64 monitor ds_cpl vmx est tm2 ssse3 cx16 xtpr pdcm pcid sse4_1 sse4_2 x2apic popcnt tsc_deadline_timer aes xsave avx f16c rdrand lahf_lm ida arat epb xsaveopt pln pts dtherm tpr_shadow vnmi flexpriority ept vpid fsgsbase smep erms
bogomips	: 4989.04
clflush size	: 64
cache_alignment	: 64
address sizes	: 36 bits physical, 48 bits virtual
power management:

processor	: 3
vendor_id	: GenuineIntel
cpu family	: 6
model		: 58
model name	: Intel(R) Core(TM) i5-3210M CPU @ 2.50GHz
stepping	: 9
microcode	: 0x15
cpu MHz		: 2501.000
cache size	: 3072 KB
physical id	: 0
siblings	: 4
core id		: 1
cpu cores	: 2
apicid		: 3
initial apicid	: 3
fpu		: yes
fpu_exception	: yes
cpuid level	: 13
wp		: yes
flags		: fpu vme de pse tsc msr pae mce cx8 apic sep mtrr pge mca cmov pat pse36 clflush dts acpi mmx fxsr sse sse2 ss ht tm pbe syscall nx rdtscp lm constant_tsc arch_perfmon pebs bts rep_good nopl xtopology nonstop_tsc aperfmperf eagerfpu pni pclmulqdq dtes64 monitor ds_cpl vmx est tm2 ssse3 cx16 xtpr pdcm pcid sse4_1 sse4_2 x2apic popcnt tsc_deadline_timer aes xsave avx f16c rdrand lahf_lm ida arat epb xsaveopt pln pts dtherm tpr_shadow vnmi flexpriority ept vpid fsgsbase smep erms
bogomips	: 4989.04
clflush size	: 64
cache_alignment	: 64
address sizes	: 36 bits physical, 48 bits virtual
power management:



Memory: 4k page, physical 3903608k(148020k free), swap 131068k(124668k free)

vm_info: OpenJDK 64-Bit Server VM (24.75-b04) for linux-amd64 JRE (1.7.0_75-b13), built on Jan 27 2015 00:38:59 by "buildd" with gcc 4.8.2

time: Sun May 17 16:26:11 2015
elapsed time: 0 seconds

